0 info it worked if it ends with ok
1 verbose cli [ 'node', '/usr/local/bin/npm', 'install', '--save', 'should' ]
2 info using npm@1.4.28
3 info using node@v0.10.33
4 verbose readDependencies using package.json deps
5 verbose cache add [ 'should', null ]
6 verbose cache add name=undefined spec="should" args=["should",null]
7 verbose parsed url { protocol: null,
7 verbose parsed url   slashes: null,
7 verbose parsed url   auth: null,
7 verbose parsed url   host: null,
7 verbose parsed url   port: null,
7 verbose parsed url   hostname: null,
7 verbose parsed url   hash: null,
7 verbose parsed url   search: null,
7 verbose parsed url   query: null,
7 verbose parsed url   pathname: 'should',
7 verbose parsed url   path: 'should',
7 verbose parsed url   href: 'should' }
8 silly lockFile c6dc9bc9-should should
9 verbose lock should /Users/NikhilBallaney/.npm/c6dc9bc9-should.lock
10 silly lockFile c6dc9bc9-should should
11 silly lockFile c6dc9bc9-should should
12 verbose addNamed [ 'should', '' ]
13 verbose addNamed [ null, '*' ]
14 silly lockFile 6159124d-should should@
15 verbose lock should@ /Users/NikhilBallaney/.npm/6159124d-should.lock
16 silly addNameRange { name: 'should', range: '*', hasData: false }
17 verbose request where is /should
18 verbose request registry https://registry.npmjs.org/
19 verbose request id d6866ff3ce9a11a2
20 verbose url raw /should
21 verbose url resolving [ 'https://registry.npmjs.org/', './should' ]
22 verbose url resolved https://registry.npmjs.org/should
23 verbose request where is https://registry.npmjs.org/should
24 info trying registry request attempt 1 at 17:03:56
25 verbose etag "6YF7280G5B8HAU5LG54XQ0VP0"
26 http GET https://registry.npmjs.org/should
27 http 304 https://registry.npmjs.org/should
28 silly registry.get cb [ 304,
28 silly registry.get   { date: 'Sat, 20 Dec 2014 01:03:56 GMT',
28 silly registry.get     server: 'Apache',
28 silly registry.get     via: '1.1 varnish',
28 silly registry.get     'last-modified': 'Sat, 20 Dec 2014 00:40:41 GMT',
28 silly registry.get     'cache-control': 'max-age=60',
28 silly registry.get     etag: '"6YF7280G5B8HAU5LG54XQ0VP0"',
28 silly registry.get     age: '22',
28 silly registry.get     'x-served-by': 'cache-sjc3131-SJC',
28 silly registry.get     'x-cache': 'HIT',
28 silly registry.get     'x-cache-hits': '2',
28 silly registry.get     'x-timer': 'S1419037436.670990,VS0,VE0',
28 silly registry.get     vary: 'Accept',
28 silly registry.get     'content-length': '0',
28 silly registry.get     'keep-alive': 'timeout=10, max=50',
28 silly registry.get     connection: 'Keep-Alive' } ]
29 verbose etag https://registry.npmjs.org/should from cache
30 silly addNameRange number 2 { name: 'should', range: '*', hasData: true }
31 silly addNameRange versions [ 'should',
31 silly addNameRange   [ '0.0.1',
31 silly addNameRange     '0.0.2',
31 silly addNameRange     '0.0.3',
31 silly addNameRange     '0.0.4',
31 silly addNameRange     '0.1.0',
31 silly addNameRange     '0.2.0',
31 silly addNameRange     '0.2.1',
31 silly addNameRange     '0.3.0',
31 silly addNameRange     '0.3.1',
31 silly addNameRange     '0.3.2',
31 silly addNameRange     '0.4.0',
31 silly addNameRange     '0.4.1',
31 silly addNameRange     '0.4.2',
31 silly addNameRange     '0.5.0',
31 silly addNameRange     '0.5.1',
31 silly addNameRange     '0.6.0',
31 silly addNameRange     '0.6.1',
31 silly addNameRange     '0.6.2',
31 silly addNameRange     '0.6.3',
31 silly addNameRange     '1.0.0',
31 silly addNameRange     '1.1.0',
31 silly addNameRange     '1.1.1',
31 silly addNameRange     '1.2.0',
31 silly addNameRange     '1.2.1',
31 silly addNameRange     '1.2.2',
31 silly addNameRange     '1.3.0',
31 silly addNameRange     '2.0.0',
31 silly addNameRange     '2.0.1',
31 silly addNameRange     '2.0.2',
31 silly addNameRange     '2.1.0',
31 silly addNameRange     '2.1.1',
31 silly addNameRange     '3.0.0',
31 silly addNameRange     '3.0.1',
31 silly addNameRange     '3.1.0',
31 silly addNameRange     '3.1.1',
31 silly addNameRange     '3.1.2',
31 silly addNameRange     '3.1.3',
31 silly addNameRange     '3.1.4',
31 silly addNameRange     '3.2.0-beta1',
31 silly addNameRange     '3.2.0',
31 silly addNameRange     '3.3.0',
31 silly addNameRange     '3.3.1',
31 silly addNameRange     '3.3.2',
31 silly addNameRange     '4.0.0',
31 silly addNameRange     '4.0.1',
31 silly addNameRange     '4.0.3',
31 silly addNameRange     '4.0.4',
31 silly addNameRange     '4.1.0',
31 silly addNameRange     '4.2.0',
31 silly addNameRange     '4.2.1',
31 silly addNameRange     '4.3.0',
31 silly addNameRange     '4.3.1',
31 silly addNameRange     '4.4.0',
31 silly addNameRange     '4.4.1' ] ]
32 verbose addNamed [ 'should', '4.4.1' ]
33 verbose addNamed [ '4.4.1', '4.4.1' ]
34 silly lockFile 8c33fc06-should-4-4-1 should@4.4.1
35 verbose lock should@4.4.1 /Users/NikhilBallaney/.npm/8c33fc06-should-4-4-1.lock
36 silly lockFile 1142fc70-pmjs-org-should-should-4-4-1-tgz https://registry.npmjs.org/should/-/should-4.4.1.tgz
37 verbose lock https://registry.npmjs.org/should/-/should-4.4.1.tgz /Users/NikhilBallaney/.npm/1142fc70-pmjs-org-should-should-4-4-1-tgz.lock
38 verbose addRemoteTarball [ 'https://registry.npmjs.org/should/-/should-4.4.1.tgz',
38 verbose addRemoteTarball   '15063e66f23797046bd5e478bade00adb4b6b37b' ]
39 info retry fetch attempt 1 at 17:03:56
40 verbose fetch to= /var/folders/j6/z5l8_jbs7jg5h3kpf84gzxnm0000gn/T/npm-4596-vlttECOK/registry.npmjs.org/should/-/should-4.4.1.tgz
41 http GET https://registry.npmjs.org/should/-/should-4.4.1.tgz
42 http 200 https://registry.npmjs.org/should/-/should-4.4.1.tgz
43 silly lockFile 1142fc70-pmjs-org-should-should-4-4-1-tgz https://registry.npmjs.org/should/-/should-4.4.1.tgz
44 silly lockFile 1142fc70-pmjs-org-should-should-4-4-1-tgz https://registry.npmjs.org/should/-/should-4.4.1.tgz
45 silly lockFile 8c33fc06-should-4-4-1 should@4.4.1
46 silly lockFile 8c33fc06-should-4-4-1 should@4.4.1
47 silly lockFile 6159124d-should should@
48 silly lockFile 6159124d-should should@
49 error Error: EACCES, mkdir '/Users/NikhilBallaney/.npm/should/4.4.1'
49 error  { [Error: EACCES, mkdir '/Users/NikhilBallaney/.npm/should/4.4.1']
49 error   errno: 3,
49 error   code: 'EACCES',
49 error   path: '/Users/NikhilBallaney/.npm/should/4.4.1',
49 error   parent: 'volta-consumer' }
50 error Please try running this command again as root/Administrator.
51 error System Darwin 14.0.0
52 error command "node" "/usr/local/bin/npm" "install" "--save" "should"
53 error cwd /Users/NikhilBallaney/Thesis/volta-consumer
54 error node -v v0.10.33
55 error npm -v 1.4.28
56 error path /Users/NikhilBallaney/.npm/should/4.4.1
57 error code EACCES
58 error errno 3
59 error stack Error: EACCES, mkdir '/Users/NikhilBallaney/.npm/should/4.4.1'
60 verbose exit [ 3, true ]
